C:\Projekte\Projekte Zuhause\Hackathon\AIExercises\AIExercises\dist\out-tsc\e2e\src\app.po.js
C:\Projekte\Projekte Zuhause\Hackathon\AIExercises\AIExercises\dist\out-tsc\e2e\src\app.po.js.map
C:\Projekte\Projekte Zuhause\Hackathon\AIExercises\AIExercises\dist\out-tsc\e2e\src\app.e2e-spec.js
C:\Projekte\Projekte Zuhause\Hackathon\AIExercises\AIExercises\dist\out-tsc\e2e\src\app.e2e-spec.js.map
C:\Projekte\Projekte Zuhause\Hackathon\AIExercises\AIExercises\dist\out-tsc\src\app\app-routing.module.js
C:\Projekte\Projekte Zuhause\Hackathon\AIExercises\AIExercises\dist\out-tsc\src\app\app-routing.module.js.map
C:\Projekte\Projekte Zuhause\Hackathon\AIExercises\AIExercises\dist\out-tsc\src\app\app.component.js
C:\Projekte\Projekte Zuhause\Hackathon\AIExercises\AIExercises\dist\out-tsc\src\app\app.component.js.map
C:\Projekte\Projekte Zuhause\Hackathon\AIExercises\AIExercises\dist\out-tsc\src\app\app.module.js
C:\Projekte\Projekte Zuhause\Hackathon\AIExercises\AIExercises\dist\out-tsc\src\app\app.module.js.map
C:\Projekte\Projekte Zuhause\Hackathon\AIExercises\AIExercises\dist\out-tsc\src\environments\environment.js
C:\Projekte\Projekte Zuhause\Hackathon\AIExercises\AIExercises\dist\out-tsc\src\environments\environment.js.map
C:\Projekte\Projekte Zuhause\Hackathon\AIExercises\AIExercises\dist\out-tsc\src\main.js
C:\Projekte\Projekte Zuhause\Hackathon\AIExercises\AIExercises\dist\out-tsc\src\main.js.map
C:\Projekte\Projekte Zuhause\Hackathon\AIExercises\AIExercises\dist\out-tsc\src\polyfills.js
C:\Projekte\Projekte Zuhause\Hackathon\AIExercises\AIExercises\dist\out-tsc\src\polyfills.js.map
C:\Projekte\Projekte Zuhause\Hackathon\AIExercises\AIExercises\dist\out-tsc\src\test.js
C:\Projekte\Projekte Zuhause\Hackathon\AIExercises\AIExercises\dist\out-tsc\src\test.js.map
C:\Projekte\Projekte Zuhause\Hackathon\AIExercises\AIExercises\dist\out-tsc\src\app\app.component.spec.js
C:\Projekte\Projekte Zuhause\Hackathon\AIExercises\AIExercises\dist\out-tsc\src\app\app.component.spec.js.map
C:\Projekte\Projekte Zuhause\Hackathon\AIExercises\AIExercises\dist\out-tsc\src\app\dashboard\dashboard.component.js
C:\Projekte\Projekte Zuhause\Hackathon\AIExercises\AIExercises\dist\out-tsc\src\app\dashboard\dashboard.component.js.map
C:\Projekte\Projekte Zuhause\Hackathon\AIExercises\AIExercises\dist\out-tsc\src\environments\environment.prod.js
C:\Projekte\Projekte Zuhause\Hackathon\AIExercises\AIExercises\dist\out-tsc\src\environments\environment.prod.js.map
